[2026-02-26T23:40:25.675+0000] {taskinstance.py:1956} INFO - Dependencies all met for dep_context=non-requeueable deps ti=<TaskInstance: products_pipeline_v2.extract manual__2026-02-26T20:40:19-03:00 [queued]>
[2026-02-26T23:40:25.685+0000] {taskinstance.py:1956} INFO - Dependencies all met for dep_context=requeueable deps ti=<TaskInstance: products_pipeline_v2.extract manual__2026-02-26T20:40:19-03:00 [queued]>
[2026-02-26T23:40:25.685+0000] {taskinstance.py:2170} INFO - Starting attempt 1 of 1
[2026-02-26T23:40:25.700+0000] {taskinstance.py:2191} INFO - Executing <Task(_PythonDecoratedOperator): extract> on 2026-02-26 23:40:19+00:00
[2026-02-26T23:40:25.706+0000] {standard_task_runner.py:60} INFO - Started process 1299 to run task
[2026-02-26T23:40:25.709+0000] {standard_task_runner.py:87} INFO - Running: ['***', 'tasks', 'run', 'products_pipeline_v2', 'extract', 'manual__2026-02-26T20:40:19-03:00', '--job-id', '94', '--raw', '--subdir', 'DAGS_FOLDER/dag_pipeline_V2.py', '--cfg-path', '/tmp/tmpkcpa2zyf']
[2026-02-26T23:40:25.711+0000] {standard_task_runner.py:88} INFO - Job 94: Subtask extract
[2026-02-26T23:40:25.770+0000] {task_command.py:423} INFO - Running <TaskInstance: products_pipeline_v2.extract manual__2026-02-26T20:40:19-03:00 [running]> on host 96ad1ca8d15d
[2026-02-26T23:40:25.865+0000] {taskinstance.py:2480} INFO - Exporting env vars: AIRFLOW_CTX_DAG_OWNER='***' AIRFLOW_CTX_DAG_ID='products_pipeline_v2' AIRFLOW_CTX_TASK_ID='extract' AIRFLOW_CTX_EXECUTION_DATE='2026-02-26T23:40:19+00:00' AIRFLOW_CTX_TRY_NUMBER='1' AIRFLOW_CTX_DAG_RUN_ID='manual__2026-02-26T20:40:19-03:00'
[2026-02-26T23:40:25.866+0000] {logging_mixin.py:188} INFO - 🔄 RANGE 5 - 9
[2026-02-26T23:40:26.229+0000] {logging_mixin.py:188} INFO - ✅ Produto 5 processado
[2026-02-26T23:40:26.706+0000] {logging_mixin.py:188} INFO - ✅ Produto 6 processado
[2026-02-26T23:40:27.066+0000] {logging_mixin.py:188} INFO - ✅ Produto 7 processado
[2026-02-26T23:40:27.434+0000] {logging_mixin.py:188} INFO - ✅ Produto 8 processado
[2026-02-26T23:40:27.854+0000] {logging_mixin.py:188} INFO - ✅ Produto 9 processado
[2026-02-26T23:40:27.855+0000] {logging_mixin.py:188} INFO - SALVANDO EM: /opt/project/data/bronze/products/products.json
[2026-02-26T23:40:27.856+0000] {python.py:201} INFO - Done. Returned value was: None
[2026-02-26T23:40:27.866+0000] {taskinstance.py:1138} INFO - Marking task as SUCCESS. dag_id=products_pipeline_v2, task_id=extract, execution_date=20260226T234019, start_date=20260226T234025, end_date=20260226T234027
[2026-02-26T23:40:27.900+0000] {local_task_job_runner.py:234} INFO - Task exited with return code 0
[2026-02-26T23:40:27.929+0000] {taskinstance.py:3280} INFO - 1 downstream tasks scheduled from follow-on schedule check
