[2026-02-26T23:40:54.348+0000] {taskinstance.py:1956} INFO - Dependencies all met for dep_context=non-requeueable deps ti=<TaskInstance: products_pipeline_v2.extract manual__2026-02-26T20:40:50-03:00 [queued]>
[2026-02-26T23:40:54.358+0000] {taskinstance.py:1956} INFO - Dependencies all met for dep_context=requeueable deps ti=<TaskInstance: products_pipeline_v2.extract manual__2026-02-26T20:40:50-03:00 [queued]>
[2026-02-26T23:40:54.358+0000] {taskinstance.py:2170} INFO - Starting attempt 1 of 1
[2026-02-26T23:40:54.372+0000] {taskinstance.py:2191} INFO - Executing <Task(_PythonDecoratedOperator): extract> on 2026-02-26 23:40:50+00:00
[2026-02-26T23:40:54.378+0000] {standard_task_runner.py:60} INFO - Started process 1320 to run task
[2026-02-26T23:40:54.383+0000] {standard_task_runner.py:87} INFO - Running: ['***', 'tasks', 'run', 'products_pipeline_v2', 'extract', 'manual__2026-02-26T20:40:50-03:00', '--job-id', '97', '--raw', '--subdir', 'DAGS_FOLDER/dag_pipeline_V2.py', '--cfg-path', '/tmp/tmpda33a62z']
[2026-02-26T23:40:54.385+0000] {standard_task_runner.py:88} INFO - Job 97: Subtask extract
[2026-02-26T23:40:54.453+0000] {task_command.py:423} INFO - Running <TaskInstance: products_pipeline_v2.extract manual__2026-02-26T20:40:50-03:00 [running]> on host 96ad1ca8d15d
[2026-02-26T23:40:54.557+0000] {taskinstance.py:2480} INFO - Exporting env vars: AIRFLOW_CTX_DAG_OWNER='***' AIRFLOW_CTX_DAG_ID='products_pipeline_v2' AIRFLOW_CTX_TASK_ID='extract' AIRFLOW_CTX_EXECUTION_DATE='2026-02-26T23:40:50+00:00' AIRFLOW_CTX_TRY_NUMBER='1' AIRFLOW_CTX_DAG_RUN_ID='manual__2026-02-26T20:40:50-03:00'
[2026-02-26T23:40:54.559+0000] {logging_mixin.py:188} INFO - 🔄 RANGE 5 - 9
[2026-02-26T23:40:54.952+0000] {logging_mixin.py:188} INFO - ✅ Produto 5 processado
[2026-02-26T23:40:55.304+0000] {logging_mixin.py:188} INFO - ✅ Produto 6 processado
[2026-02-26T23:40:55.657+0000] {logging_mixin.py:188} INFO - ✅ Produto 7 processado
[2026-02-26T23:40:56.012+0000] {logging_mixin.py:188} INFO - ✅ Produto 8 processado
[2026-02-26T23:40:56.368+0000] {logging_mixin.py:188} INFO - ✅ Produto 9 processado
[2026-02-26T23:40:56.368+0000] {logging_mixin.py:188} INFO - SALVANDO EM: /opt/project/data/bronze/products/products.json
[2026-02-26T23:40:56.370+0000] {python.py:201} INFO - Done. Returned value was: None
[2026-02-26T23:40:56.379+0000] {taskinstance.py:1138} INFO - Marking task as SUCCESS. dag_id=products_pipeline_v2, task_id=extract, execution_date=20260226T234050, start_date=20260226T234054, end_date=20260226T234056
[2026-02-26T23:40:56.418+0000] {local_task_job_runner.py:234} INFO - Task exited with return code 0
[2026-02-26T23:40:56.443+0000] {taskinstance.py:3280} INFO - 1 downstream tasks scheduled from follow-on schedule check
