[2026-02-26T21:12:11.911+0000] {taskinstance.py:1956} INFO - Dependencies all met for dep_context=non-requeueable deps ti=<TaskInstance: products_pipeline.extract scheduled__2026-02-25T00:00:00+00:00 [queued]>
[2026-02-26T21:12:11.921+0000] {taskinstance.py:1956} INFO - Dependencies all met for dep_context=requeueable deps ti=<TaskInstance: products_pipeline.extract scheduled__2026-02-25T00:00:00+00:00 [queued]>
[2026-02-26T21:12:11.921+0000] {taskinstance.py:2170} INFO - Starting attempt 1 of 1
[2026-02-26T21:12:11.934+0000] {taskinstance.py:2191} INFO - Executing <Task(_PythonDecoratedOperator): extract> on 2026-02-25 00:00:00+00:00
[2026-02-26T21:12:11.939+0000] {standard_task_runner.py:60} INFO - Started process 192 to run task
[2026-02-26T21:12:11.945+0000] {standard_task_runner.py:87} INFO - Running: ['***', 'tasks', 'run', 'products_pipeline', 'extract', 'scheduled__2026-02-25T00:00:00+00:00', '--job-id', '7', '--raw', '--subdir', 'DAGS_FOLDER/dag_pipeline.py', '--cfg-path', '/tmp/tmp1xtz94su']
[2026-02-26T21:12:11.949+0000] {standard_task_runner.py:88} INFO - Job 7: Subtask extract
[2026-02-26T21:12:12.011+0000] {task_command.py:423} INFO - Running <TaskInstance: products_pipeline.extract scheduled__2026-02-25T00:00:00+00:00 [running]> on host edb731b1b4ec
[2026-02-26T21:12:12.249+0000] {taskinstance.py:2480} INFO - Exporting env vars: AIRFLOW_CTX_DAG_OWNER='***' AIRFLOW_CTX_DAG_ID='products_pipeline' AIRFLOW_CTX_TASK_ID='extract' AIRFLOW_CTX_EXECUTION_DATE='2026-02-25T00:00:00+00:00' AIRFLOW_CTX_TRY_NUMBER='1' AIRFLOW_CTX_DAG_RUN_ID='scheduled__2026-02-25T00:00:00+00:00'
[2026-02-26T21:12:13.126+0000] {taskinstance.py:2698} ERROR - Task failed with exception
Traceback (most recent call last):
  File "/home/airflow/.local/lib/python3.8/site-packages/airflow/models/taskinstance.py", line 433, in _execute_task
    result = execute_callable(context=context, **execute_callable_kwargs)
  File "/home/airflow/.local/lib/python3.8/site-packages/airflow/decorators/base.py", line 241, in execute
    return_value = super().execute(context)
  File "/home/airflow/.local/lib/python3.8/site-packages/airflow/operators/python.py", line 199, in execute
    return_value = self.execute_callable()
  File "/home/airflow/.local/lib/python3.8/site-packages/airflow/operators/python.py", line 216, in execute_callable
    return self.python_callable(*self.op_args, **self.op_kwargs)
  File "/opt/airflow/dags/dag_pipeline.py", line 24, in extract
    extract_products()
  File "/opt/project/src/ingestion/extract_products_V1.py", line 36, in extract_products
    with open(output_file, "w") as f:
PermissionError: [Errno 13] Permission denied: '/opt/project/data/bronze/products/products.json'
[2026-02-26T21:12:13.138+0000] {taskinstance.py:1138} INFO - Marking task as FAILED. dag_id=products_pipeline, task_id=extract, execution_date=20260225T000000, start_date=20260226T211211, end_date=20260226T211213
[2026-02-26T21:12:13.162+0000] {standard_task_runner.py:107} ERROR - Failed to execute job 7 for task extract ([Errno 13] Permission denied: '/opt/project/data/bronze/products/products.json'; 192)
[2026-02-26T21:12:13.201+0000] {local_task_job_runner.py:234} INFO - Task exited with return code 1
[2026-02-26T21:12:13.221+0000] {taskinstance.py:3280} INFO - 0 downstream tasks scheduled from follow-on schedule check
[2026-02-26T21:29:16.033+0000] {taskinstance.py:1956} INFO - Dependencies all met for dep_context=non-requeueable deps ti=<TaskInstance: products_pipeline.extract scheduled__2026-02-25T00:00:00+00:00 [queued]>
[2026-02-26T21:29:16.139+0000] {taskinstance.py:1956} INFO - Dependencies all met for dep_context=requeueable deps ti=<TaskInstance: products_pipeline.extract scheduled__2026-02-25T00:00:00+00:00 [queued]>
[2026-02-26T21:29:16.139+0000] {taskinstance.py:2170} INFO - Starting attempt 1 of 1
[2026-02-26T21:29:16.161+0000] {taskinstance.py:2191} INFO - Executing <Task(_PythonDecoratedOperator): extract> on 2026-02-25 00:00:00+00:00
[2026-02-26T21:29:16.168+0000] {standard_task_runner.py:60} INFO - Started process 184 to run task
[2026-02-26T21:29:16.173+0000] {standard_task_runner.py:87} INFO - Running: ['***', 'tasks', 'run', 'products_pipeline', 'extract', 'scheduled__2026-02-25T00:00:00+00:00', '--job-id', '4', '--raw', '--subdir', 'DAGS_FOLDER/dag_pipeline.py', '--cfg-path', '/tmp/tmpw0vdekps']
[2026-02-26T21:29:16.176+0000] {standard_task_runner.py:88} INFO - Job 4: Subtask extract
[2026-02-26T21:29:16.240+0000] {task_command.py:423} INFO - Running <TaskInstance: products_pipeline.extract scheduled__2026-02-25T00:00:00+00:00 [running]> on host f4d1bd89bae4
[2026-02-26T21:29:16.494+0000] {taskinstance.py:2480} INFO - Exporting env vars: AIRFLOW_CTX_DAG_OWNER='***' AIRFLOW_CTX_DAG_ID='products_pipeline' AIRFLOW_CTX_TASK_ID='extract' AIRFLOW_CTX_EXECUTION_DATE='2026-02-25T00:00:00+00:00' AIRFLOW_CTX_TRY_NUMBER='1' AIRFLOW_CTX_DAG_RUN_ID='scheduled__2026-02-25T00:00:00+00:00'
[2026-02-26T21:29:17.318+0000] {logging_mixin.py:188} INFO - ✅ Produto 1 adicionado com sucesso!
[2026-02-26T21:29:17.320+0000] {python.py:201} INFO - Done. Returned value was: extract_done
[2026-02-26T21:29:17.344+0000] {taskinstance.py:1138} INFO - Marking task as SUCCESS. dag_id=products_pipeline, task_id=extract, execution_date=20260225T000000, start_date=20260226T212916, end_date=20260226T212917
[2026-02-26T21:29:17.400+0000] {local_task_job_runner.py:234} INFO - Task exited with return code 0
[2026-02-26T21:29:17.423+0000] {taskinstance.py:3280} INFO - 1 downstream tasks scheduled from follow-on schedule check
[2026-02-26T22:24:46.648+0000] {taskinstance.py:1956} INFO - Dependencies all met for dep_context=non-requeueable deps ti=<TaskInstance: products_pipeline.extract scheduled__2026-02-25T00:00:00+00:00 [queued]>
[2026-02-26T22:24:46.771+0000] {taskinstance.py:1956} INFO - Dependencies all met for dep_context=requeueable deps ti=<TaskInstance: products_pipeline.extract scheduled__2026-02-25T00:00:00+00:00 [queued]>
[2026-02-26T22:24:46.772+0000] {taskinstance.py:2170} INFO - Starting attempt 1 of 1
[2026-02-26T22:24:46.792+0000] {taskinstance.py:2191} INFO - Executing <Task(_PythonDecoratedOperator): extract> on 2026-02-25 00:00:00+00:00
[2026-02-26T22:24:46.798+0000] {standard_task_runner.py:60} INFO - Started process 187 to run task
[2026-02-26T22:24:46.802+0000] {standard_task_runner.py:87} INFO - Running: ['***', 'tasks', 'run', 'products_pipeline', 'extract', 'scheduled__2026-02-25T00:00:00+00:00', '--job-id', '4', '--raw', '--subdir', 'DAGS_FOLDER/dag_pipeline.py', '--cfg-path', '/tmp/tmpkmnfgzsa']
[2026-02-26T22:24:46.806+0000] {standard_task_runner.py:88} INFO - Job 4: Subtask extract
[2026-02-26T22:24:46.874+0000] {task_command.py:423} INFO - Running <TaskInstance: products_pipeline.extract scheduled__2026-02-25T00:00:00+00:00 [running]> on host 6470fb5728f7
[2026-02-26T22:24:46.981+0000] {taskinstance.py:2480} INFO - Exporting env vars: AIRFLOW_CTX_DAG_OWNER='***' AIRFLOW_CTX_DAG_ID='products_pipeline' AIRFLOW_CTX_TASK_ID='extract' AIRFLOW_CTX_EXECUTION_DATE='2026-02-25T00:00:00+00:00' AIRFLOW_CTX_TRY_NUMBER='1' AIRFLOW_CTX_DAG_RUN_ID='scheduled__2026-02-25T00:00:00+00:00'
[2026-02-26T22:24:47.849+0000] {logging_mixin.py:188} INFO - ✅ Produto 1 adicionado com sucesso!
[2026-02-26T22:24:47.851+0000] {python.py:201} INFO - Done. Returned value was: extract_done
[2026-02-26T22:24:47.887+0000] {taskinstance.py:1138} INFO - Marking task as SUCCESS. dag_id=products_pipeline, task_id=extract, execution_date=20260225T000000, start_date=20260226T222446, end_date=20260226T222447
[2026-02-26T22:24:47.918+0000] {local_task_job_runner.py:234} INFO - Task exited with return code 0
[2026-02-26T22:24:47.945+0000] {taskinstance.py:3280} INFO - 1 downstream tasks scheduled from follow-on schedule check
