[2026-02-27T14:48:38.336+0000] {processor.py:161} INFO - Started process (PID=174) to work on /opt/airflow/dags/dag_pipeline_V1.py
[2026-02-27T14:48:38.340+0000] {processor.py:830} INFO - Processing file /opt/airflow/dags/dag_pipeline_V1.py for tasks to queue
[2026-02-27T14:48:38.343+0000] {logging_mixin.py:188} INFO - [2026-02-27T14:48:38.341+0000] {dagbag.py:538} INFO - Filling up the DagBag from /opt/airflow/dags/dag_pipeline_V1.py
[2026-02-27T14:48:41.726+0000] {processor.py:840} INFO - DAG(s) 'products_pipeline' retrieved from /opt/airflow/dags/dag_pipeline_V1.py
[2026-02-27T14:48:41.961+0000] {logging_mixin.py:188} INFO - [2026-02-27T14:48:41.960+0000] {dag.py:3036} INFO - Sync 1 DAGs
[2026-02-27T14:48:41.982+0000] {logging_mixin.py:188} INFO - [2026-02-27T14:48:41.982+0000] {dag.py:3823} INFO - Setting next_dagrun for products_pipeline to 2026-02-27 14:47:00+00:00, run_after=2026-02-27 14:48:00+00:00
[2026-02-27T14:48:42.005+0000] {processor.py:183} INFO - Processing /opt/airflow/dags/dag_pipeline_V1.py took 3.680 seconds
[2026-02-27T14:49:12.061+0000] {processor.py:161} INFO - Started process (PID=186) to work on /opt/airflow/dags/dag_pipeline_V1.py
[2026-02-27T14:49:12.062+0000] {processor.py:830} INFO - Processing file /opt/airflow/dags/dag_pipeline_V1.py for tasks to queue
[2026-02-27T14:49:12.063+0000] {logging_mixin.py:188} INFO - [2026-02-27T14:49:12.063+0000] {dagbag.py:538} INFO - Filling up the DagBag from /opt/airflow/dags/dag_pipeline_V1.py
[2026-02-27T14:49:12.358+0000] {processor.py:840} INFO - DAG(s) 'products_pipeline' retrieved from /opt/airflow/dags/dag_pipeline_V1.py
[2026-02-27T14:49:12.396+0000] {logging_mixin.py:188} INFO - [2026-02-27T14:49:12.396+0000] {dag.py:3036} INFO - Sync 1 DAGs
[2026-02-27T14:49:12.424+0000] {logging_mixin.py:188} INFO - [2026-02-27T14:49:12.423+0000] {dag.py:3823} INFO - Setting next_dagrun for products_pipeline to 2026-02-27 14:48:00+00:00, run_after=2026-02-27 14:49:00+00:00
[2026-02-27T14:49:12.760+0000] {processor.py:183} INFO - Processing /opt/airflow/dags/dag_pipeline_V1.py took 0.704 seconds
[2026-02-27T14:49:42.831+0000] {processor.py:161} INFO - Started process (PID=225) to work on /opt/airflow/dags/dag_pipeline_V1.py
[2026-02-27T14:49:42.947+0000] {processor.py:830} INFO - Processing file /opt/airflow/dags/dag_pipeline_V1.py for tasks to queue
[2026-02-27T14:49:42.949+0000] {logging_mixin.py:188} INFO - [2026-02-27T14:49:42.948+0000] {dagbag.py:538} INFO - Filling up the DagBag from /opt/airflow/dags/dag_pipeline_V1.py
[2026-02-27T14:49:43.266+0000] {processor.py:840} INFO - DAG(s) 'products_pipeline' retrieved from /opt/airflow/dags/dag_pipeline_V1.py
[2026-02-27T14:49:43.298+0000] {logging_mixin.py:188} INFO - [2026-02-27T14:49:43.298+0000] {dag.py:3036} INFO - Sync 1 DAGs
[2026-02-27T14:49:43.328+0000] {logging_mixin.py:188} INFO - [2026-02-27T14:49:43.328+0000] {dag.py:3823} INFO - Setting next_dagrun for products_pipeline to 2026-02-27 14:48:00+00:00, run_after=2026-02-27 14:49:00+00:00
[2026-02-27T14:49:43.349+0000] {processor.py:183} INFO - Processing /opt/airflow/dags/dag_pipeline_V1.py took 0.523 seconds
[2026-02-27T14:50:13.435+0000] {processor.py:161} INFO - Started process (PID=237) to work on /opt/airflow/dags/dag_pipeline_V1.py
[2026-02-27T14:50:13.436+0000] {processor.py:830} INFO - Processing file /opt/airflow/dags/dag_pipeline_V1.py for tasks to queue
[2026-02-27T14:50:13.438+0000] {logging_mixin.py:188} INFO - [2026-02-27T14:50:13.437+0000] {dagbag.py:538} INFO - Filling up the DagBag from /opt/airflow/dags/dag_pipeline_V1.py
[2026-02-27T14:50:13.871+0000] {processor.py:840} INFO - DAG(s) 'products_pipeline' retrieved from /opt/airflow/dags/dag_pipeline_V1.py
[2026-02-27T14:50:13.911+0000] {logging_mixin.py:188} INFO - [2026-02-27T14:50:13.910+0000] {dag.py:3036} INFO - Sync 1 DAGs
[2026-02-27T14:50:13.946+0000] {logging_mixin.py:188} INFO - [2026-02-27T14:50:13.946+0000] {dag.py:3823} INFO - Setting next_dagrun for products_pipeline to 2026-02-27 14:49:00+00:00, run_after=2026-02-27 14:50:00+00:00
[2026-02-27T14:50:13.970+0000] {processor.py:183} INFO - Processing /opt/airflow/dags/dag_pipeline_V1.py took 0.539 seconds
[2026-02-27T14:50:44.033+0000] {processor.py:161} INFO - Started process (PID=249) to work on /opt/airflow/dags/dag_pipeline_V1.py
[2026-02-27T14:50:44.061+0000] {processor.py:830} INFO - Processing file /opt/airflow/dags/dag_pipeline_V1.py for tasks to queue
[2026-02-27T14:50:44.062+0000] {logging_mixin.py:188} INFO - [2026-02-27T14:50:44.062+0000] {dagbag.py:538} INFO - Filling up the DagBag from /opt/airflow/dags/dag_pipeline_V1.py
[2026-02-27T14:50:44.371+0000] {processor.py:840} INFO - DAG(s) 'products_pipeline' retrieved from /opt/airflow/dags/dag_pipeline_V1.py
[2026-02-27T14:50:44.403+0000] {logging_mixin.py:188} INFO - [2026-02-27T14:50:44.403+0000] {dag.py:3036} INFO - Sync 1 DAGs
[2026-02-27T14:50:44.430+0000] {logging_mixin.py:188} INFO - [2026-02-27T14:50:44.430+0000] {dag.py:3823} INFO - Setting next_dagrun for products_pipeline to 2026-02-27 14:49:00+00:00, run_after=2026-02-27 14:50:00+00:00
[2026-02-27T14:50:44.457+0000] {processor.py:183} INFO - Processing /opt/airflow/dags/dag_pipeline_V1.py took 0.427 seconds
[2026-02-27T14:51:14.526+0000] {processor.py:161} INFO - Started process (PID=261) to work on /opt/airflow/dags/dag_pipeline_V1.py
[2026-02-27T14:51:14.640+0000] {processor.py:830} INFO - Processing file /opt/airflow/dags/dag_pipeline_V1.py for tasks to queue
[2026-02-27T14:51:14.641+0000] {logging_mixin.py:188} INFO - [2026-02-27T14:51:14.641+0000] {dagbag.py:538} INFO - Filling up the DagBag from /opt/airflow/dags/dag_pipeline_V1.py
[2026-02-27T14:51:14.929+0000] {processor.py:840} INFO - DAG(s) 'products_pipeline' retrieved from /opt/airflow/dags/dag_pipeline_V1.py
[2026-02-27T14:51:14.968+0000] {logging_mixin.py:188} INFO - [2026-02-27T14:51:14.967+0000] {dag.py:3036} INFO - Sync 1 DAGs
[2026-02-27T14:51:14.997+0000] {logging_mixin.py:188} INFO - [2026-02-27T14:51:14.996+0000] {dag.py:3823} INFO - Setting next_dagrun for products_pipeline to 2026-02-27 14:50:00+00:00, run_after=2026-02-27 14:51:00+00:00
[2026-02-27T14:51:15.022+0000] {processor.py:183} INFO - Processing /opt/airflow/dags/dag_pipeline_V1.py took 0.499 seconds
[2026-02-27T14:51:45.135+0000] {processor.py:161} INFO - Started process (PID=273) to work on /opt/airflow/dags/dag_pipeline_V1.py
[2026-02-27T14:51:45.137+0000] {processor.py:830} INFO - Processing file /opt/airflow/dags/dag_pipeline_V1.py for tasks to queue
[2026-02-27T14:51:45.138+0000] {logging_mixin.py:188} INFO - [2026-02-27T14:51:45.138+0000] {dagbag.py:538} INFO - Filling up the DagBag from /opt/airflow/dags/dag_pipeline_V1.py
[2026-02-27T14:51:45.421+0000] {processor.py:840} INFO - DAG(s) 'products_pipeline' retrieved from /opt/airflow/dags/dag_pipeline_V1.py
[2026-02-27T14:51:45.452+0000] {logging_mixin.py:188} INFO - [2026-02-27T14:51:45.452+0000] {dag.py:3036} INFO - Sync 1 DAGs
[2026-02-27T14:51:45.483+0000] {logging_mixin.py:188} INFO - [2026-02-27T14:51:45.483+0000] {dag.py:3823} INFO - Setting next_dagrun for products_pipeline to 2026-02-27 14:50:00+00:00, run_after=2026-02-27 14:51:00+00:00
[2026-02-27T14:51:45.505+0000] {processor.py:183} INFO - Processing /opt/airflow/dags/dag_pipeline_V1.py took 0.374 seconds
[2026-02-27T14:52:15.533+0000] {processor.py:161} INFO - Started process (PID=282) to work on /opt/airflow/dags/dag_pipeline_V1.py
[2026-02-27T14:52:15.631+0000] {processor.py:830} INFO - Processing file /opt/airflow/dags/dag_pipeline_V1.py for tasks to queue
[2026-02-27T14:52:15.632+0000] {logging_mixin.py:188} INFO - [2026-02-27T14:52:15.632+0000] {dagbag.py:538} INFO - Filling up the DagBag from /opt/airflow/dags/dag_pipeline_V1.py
[2026-02-27T14:52:15.985+0000] {processor.py:840} INFO - DAG(s) 'products_pipeline' retrieved from /opt/airflow/dags/dag_pipeline_V1.py
[2026-02-27T14:52:16.018+0000] {logging_mixin.py:188} INFO - [2026-02-27T14:52:16.018+0000] {dag.py:3036} INFO - Sync 1 DAGs
[2026-02-27T14:52:16.048+0000] {logging_mixin.py:188} INFO - [2026-02-27T14:52:16.048+0000] {dag.py:3823} INFO - Setting next_dagrun for products_pipeline to 2026-02-27 14:51:00+00:00, run_after=2026-02-27 14:52:00+00:00
[2026-02-27T14:52:16.078+0000] {processor.py:183} INFO - Processing /opt/airflow/dags/dag_pipeline_V1.py took 0.549 seconds
[2026-02-27T14:52:46.672+0000] {processor.py:161} INFO - Started process (PID=297) to work on /opt/airflow/dags/dag_pipeline_V1.py
[2026-02-27T14:52:46.674+0000] {processor.py:830} INFO - Processing file /opt/airflow/dags/dag_pipeline_V1.py for tasks to queue
[2026-02-27T14:52:46.675+0000] {logging_mixin.py:188} INFO - [2026-02-27T14:52:46.674+0000] {dagbag.py:538} INFO - Filling up the DagBag from /opt/airflow/dags/dag_pipeline_V1.py
[2026-02-27T14:52:46.985+0000] {processor.py:840} INFO - DAG(s) 'products_pipeline' retrieved from /opt/airflow/dags/dag_pipeline_V1.py
[2026-02-27T14:52:47.015+0000] {logging_mixin.py:188} INFO - [2026-02-27T14:52:47.014+0000] {dag.py:3036} INFO - Sync 1 DAGs
[2026-02-27T14:52:47.041+0000] {logging_mixin.py:188} INFO - [2026-02-27T14:52:47.041+0000] {dag.py:3823} INFO - Setting next_dagrun for products_pipeline to 2026-02-27 14:51:00+00:00, run_after=2026-02-27 14:52:00+00:00
[2026-02-27T14:52:47.062+0000] {processor.py:183} INFO - Processing /opt/airflow/dags/dag_pipeline_V1.py took 0.392 seconds
[2026-02-27T14:53:17.145+0000] {processor.py:161} INFO - Started process (PID=309) to work on /opt/airflow/dags/dag_pipeline_V1.py
[2026-02-27T14:53:17.146+0000] {processor.py:830} INFO - Processing file /opt/airflow/dags/dag_pipeline_V1.py for tasks to queue
[2026-02-27T14:53:17.147+0000] {logging_mixin.py:188} INFO - [2026-02-27T14:53:17.146+0000] {dagbag.py:538} INFO - Filling up the DagBag from /opt/airflow/dags/dag_pipeline_V1.py
[2026-02-27T14:53:17.466+0000] {processor.py:840} INFO - DAG(s) 'products_pipeline' retrieved from /opt/airflow/dags/dag_pipeline_V1.py
[2026-02-27T14:53:17.497+0000] {logging_mixin.py:188} INFO - [2026-02-27T14:53:17.497+0000] {dag.py:3036} INFO - Sync 1 DAGs
[2026-02-27T14:53:17.523+0000] {logging_mixin.py:188} INFO - [2026-02-27T14:53:17.523+0000] {dag.py:3823} INFO - Setting next_dagrun for products_pipeline to 2026-02-27 14:52:00+00:00, run_after=2026-02-27 14:53:00+00:00
[2026-02-27T14:53:17.544+0000] {processor.py:183} INFO - Processing /opt/airflow/dags/dag_pipeline_V1.py took 0.402 seconds
[2026-02-27T14:53:47.682+0000] {processor.py:161} INFO - Started process (PID=353) to work on /opt/airflow/dags/dag_pipeline_V1.py
[2026-02-27T14:53:47.738+0000] {processor.py:830} INFO - Processing file /opt/airflow/dags/dag_pipeline_V1.py for tasks to queue
[2026-02-27T14:53:47.740+0000] {logging_mixin.py:188} INFO - [2026-02-27T14:53:47.739+0000] {dagbag.py:538} INFO - Filling up the DagBag from /opt/airflow/dags/dag_pipeline_V1.py
[2026-02-27T14:53:48.228+0000] {processor.py:840} INFO - DAG(s) 'products_pipeline' retrieved from /opt/airflow/dags/dag_pipeline_V1.py
[2026-02-27T14:53:48.270+0000] {logging_mixin.py:188} INFO - [2026-02-27T14:53:48.269+0000] {dag.py:3036} INFO - Sync 1 DAGs
[2026-02-27T14:53:48.306+0000] {logging_mixin.py:188} INFO - [2026-02-27T14:53:48.306+0000] {dag.py:3823} INFO - Setting next_dagrun for products_pipeline to 2026-02-27 14:52:00+00:00, run_after=2026-02-27 14:53:00+00:00
[2026-02-27T14:53:48.331+0000] {processor.py:183} INFO - Processing /opt/airflow/dags/dag_pipeline_V1.py took 0.654 seconds
[2026-02-27T14:54:19.351+0000] {processor.py:161} INFO - Started process (PID=378) to work on /opt/airflow/dags/dag_pipeline_V1.py
[2026-02-27T14:54:19.352+0000] {processor.py:830} INFO - Processing file /opt/airflow/dags/dag_pipeline_V1.py for tasks to queue
[2026-02-27T14:54:19.353+0000] {logging_mixin.py:188} INFO - [2026-02-27T14:54:19.353+0000] {dagbag.py:538} INFO - Filling up the DagBag from /opt/airflow/dags/dag_pipeline_V1.py
[2026-02-27T14:54:19.891+0000] {processor.py:840} INFO - DAG(s) 'products_pipeline' retrieved from /opt/airflow/dags/dag_pipeline_V1.py
[2026-02-27T14:54:19.949+0000] {logging_mixin.py:188} INFO - [2026-02-27T14:54:19.948+0000] {dag.py:3036} INFO - Sync 1 DAGs
[2026-02-27T14:54:20.038+0000] {logging_mixin.py:188} INFO - [2026-02-27T14:54:20.037+0000] {dag.py:3823} INFO - Setting next_dagrun for products_pipeline to 2026-02-27 14:53:00+00:00, run_after=2026-02-27 14:54:00+00:00
[2026-02-27T14:54:20.087+0000] {processor.py:183} INFO - Processing /opt/airflow/dags/dag_pipeline_V1.py took 0.738 seconds
[2026-02-27T14:54:50.541+0000] {processor.py:161} INFO - Started process (PID=402) to work on /opt/airflow/dags/dag_pipeline_V1.py
[2026-02-27T14:54:50.543+0000] {processor.py:830} INFO - Processing file /opt/airflow/dags/dag_pipeline_V1.py for tasks to queue
[2026-02-27T14:54:50.543+0000] {logging_mixin.py:188} INFO - [2026-02-27T14:54:50.543+0000] {dagbag.py:538} INFO - Filling up the DagBag from /opt/airflow/dags/dag_pipeline_V1.py
[2026-02-27T14:54:50.809+0000] {processor.py:840} INFO - DAG(s) 'products_pipeline' retrieved from /opt/airflow/dags/dag_pipeline_V1.py
[2026-02-27T14:54:50.834+0000] {logging_mixin.py:188} INFO - [2026-02-27T14:54:50.834+0000] {dag.py:3036} INFO - Sync 1 DAGs
[2026-02-27T14:54:50.857+0000] {logging_mixin.py:188} INFO - [2026-02-27T14:54:50.857+0000] {dag.py:3823} INFO - Setting next_dagrun for products_pipeline to 2026-02-27 14:53:00+00:00, run_after=2026-02-27 14:54:00+00:00
[2026-02-27T14:54:50.878+0000] {processor.py:183} INFO - Processing /opt/airflow/dags/dag_pipeline_V1.py took 0.340 seconds
[2026-02-27T14:55:20.985+0000] {processor.py:161} INFO - Started process (PID=421) to work on /opt/airflow/dags/dag_pipeline_V1.py
[2026-02-27T14:55:20.986+0000] {processor.py:830} INFO - Processing file /opt/airflow/dags/dag_pipeline_V1.py for tasks to queue
[2026-02-27T14:55:20.987+0000] {logging_mixin.py:188} INFO - [2026-02-27T14:55:20.987+0000] {dagbag.py:538} INFO - Filling up the DagBag from /opt/airflow/dags/dag_pipeline_V1.py
[2026-02-27T14:55:21.222+0000] {processor.py:840} INFO - DAG(s) 'products_pipeline' retrieved from /opt/airflow/dags/dag_pipeline_V1.py
[2026-02-27T14:55:21.246+0000] {logging_mixin.py:188} INFO - [2026-02-27T14:55:21.245+0000] {dag.py:3036} INFO - Sync 1 DAGs
[2026-02-27T14:55:21.267+0000] {logging_mixin.py:188} INFO - [2026-02-27T14:55:21.267+0000] {dag.py:3823} INFO - Setting next_dagrun for products_pipeline to 2026-02-27 14:54:00+00:00, run_after=2026-02-27 14:55:00+00:00
[2026-02-27T14:55:21.288+0000] {processor.py:183} INFO - Processing /opt/airflow/dags/dag_pipeline_V1.py took 0.307 seconds
[2026-02-27T14:55:51.347+0000] {processor.py:161} INFO - Started process (PID=432) to work on /opt/airflow/dags/dag_pipeline_V1.py
[2026-02-27T14:55:51.349+0000] {processor.py:830} INFO - Processing file /opt/airflow/dags/dag_pipeline_V1.py for tasks to queue
[2026-02-27T14:55:51.350+0000] {logging_mixin.py:188} INFO - [2026-02-27T14:55:51.350+0000] {dagbag.py:538} INFO - Filling up the DagBag from /opt/airflow/dags/dag_pipeline_V1.py
[2026-02-27T14:55:51.646+0000] {processor.py:840} INFO - DAG(s) 'products_pipeline' retrieved from /opt/airflow/dags/dag_pipeline_V1.py
[2026-02-27T14:55:51.674+0000] {logging_mixin.py:188} INFO - [2026-02-27T14:55:51.674+0000] {dag.py:3036} INFO - Sync 1 DAGs
[2026-02-27T14:55:51.701+0000] {logging_mixin.py:188} INFO - [2026-02-27T14:55:51.701+0000] {dag.py:3823} INFO - Setting next_dagrun for products_pipeline to 2026-02-27 14:54:00+00:00, run_after=2026-02-27 14:55:00+00:00
[2026-02-27T14:55:51.727+0000] {processor.py:183} INFO - Processing /opt/airflow/dags/dag_pipeline_V1.py took 0.384 seconds
[2026-02-27T14:56:21.848+0000] {processor.py:161} INFO - Started process (PID=453) to work on /opt/airflow/dags/dag_pipeline_V1.py
[2026-02-27T14:56:21.968+0000] {processor.py:830} INFO - Processing file /opt/airflow/dags/dag_pipeline_V1.py for tasks to queue
[2026-02-27T14:56:21.969+0000] {logging_mixin.py:188} INFO - [2026-02-27T14:56:21.968+0000] {dagbag.py:538} INFO - Filling up the DagBag from /opt/airflow/dags/dag_pipeline_V1.py
[2026-02-27T14:56:22.250+0000] {processor.py:840} INFO - DAG(s) 'products_pipeline' retrieved from /opt/airflow/dags/dag_pipeline_V1.py
[2026-02-27T14:56:22.279+0000] {logging_mixin.py:188} INFO - [2026-02-27T14:56:22.279+0000] {dag.py:3036} INFO - Sync 1 DAGs
[2026-02-27T14:56:22.308+0000] {logging_mixin.py:188} INFO - [2026-02-27T14:56:22.308+0000] {dag.py:3823} INFO - Setting next_dagrun for products_pipeline to 2026-02-27 14:55:00+00:00, run_after=2026-02-27 14:56:00+00:00
[2026-02-27T14:56:22.329+0000] {processor.py:183} INFO - Processing /opt/airflow/dags/dag_pipeline_V1.py took 0.484 seconds
[2026-02-27T14:56:52.412+0000] {processor.py:161} INFO - Started process (PID=465) to work on /opt/airflow/dags/dag_pipeline_V1.py
[2026-02-27T14:56:52.413+0000] {processor.py:830} INFO - Processing file /opt/airflow/dags/dag_pipeline_V1.py for tasks to queue
[2026-02-27T14:56:52.414+0000] {logging_mixin.py:188} INFO - [2026-02-27T14:56:52.414+0000] {dagbag.py:538} INFO - Filling up the DagBag from /opt/airflow/dags/dag_pipeline_V1.py
[2026-02-27T14:56:52.703+0000] {processor.py:840} INFO - DAG(s) 'products_pipeline' retrieved from /opt/airflow/dags/dag_pipeline_V1.py
[2026-02-27T14:56:52.739+0000] {logging_mixin.py:188} INFO - [2026-02-27T14:56:52.739+0000] {dag.py:3036} INFO - Sync 1 DAGs
[2026-02-27T14:56:52.769+0000] {logging_mixin.py:188} INFO - [2026-02-27T14:56:52.769+0000] {dag.py:3823} INFO - Setting next_dagrun for products_pipeline to 2026-02-27 14:55:00+00:00, run_after=2026-02-27 14:56:00+00:00
[2026-02-27T14:56:52.792+0000] {processor.py:183} INFO - Processing /opt/airflow/dags/dag_pipeline_V1.py took 0.385 seconds
[2026-02-27T14:57:22.907+0000] {processor.py:161} INFO - Started process (PID=486) to work on /opt/airflow/dags/dag_pipeline_V1.py
[2026-02-27T14:57:22.909+0000] {processor.py:830} INFO - Processing file /opt/airflow/dags/dag_pipeline_V1.py for tasks to queue
[2026-02-27T14:57:22.910+0000] {logging_mixin.py:188} INFO - [2026-02-27T14:57:22.909+0000] {dagbag.py:538} INFO - Filling up the DagBag from /opt/airflow/dags/dag_pipeline_V1.py
[2026-02-27T14:57:23.167+0000] {processor.py:840} INFO - DAG(s) 'products_pipeline' retrieved from /opt/airflow/dags/dag_pipeline_V1.py
[2026-02-27T14:57:23.200+0000] {logging_mixin.py:188} INFO - [2026-02-27T14:57:23.200+0000] {dag.py:3036} INFO - Sync 1 DAGs
[2026-02-27T14:57:23.228+0000] {logging_mixin.py:188} INFO - [2026-02-27T14:57:23.228+0000] {dag.py:3823} INFO - Setting next_dagrun for products_pipeline to 2026-02-27 14:56:00+00:00, run_after=2026-02-27 14:57:00+00:00
[2026-02-27T14:57:23.249+0000] {processor.py:183} INFO - Processing /opt/airflow/dags/dag_pipeline_V1.py took 0.344 seconds
