[2026-02-27T14:48:38.301+0000] {processor.py:161} INFO - Started process (PID=171) to work on /opt/airflow/dags/dag_pipeline_V2.py
[2026-02-27T14:48:38.304+0000] {processor.py:830} INFO - Processing file /opt/airflow/dags/dag_pipeline_V2.py for tasks to queue
[2026-02-27T14:48:38.306+0000] {logging_mixin.py:188} INFO - [2026-02-27T14:48:38.305+0000] {dagbag.py:538} INFO - Filling up the DagBag from /opt/airflow/dags/dag_pipeline_V2.py
[2026-02-27T14:48:41.727+0000] {processor.py:840} INFO - DAG(s) 'products_pipeline_v2' retrieved from /opt/airflow/dags/dag_pipeline_V2.py
[2026-02-27T14:48:41.791+0000] {logging_mixin.py:188} INFO - [2026-02-27T14:48:41.791+0000] {dag.py:3036} INFO - Sync 1 DAGs
[2026-02-27T14:48:41.822+0000] {logging_mixin.py:188} INFO - [2026-02-27T14:48:41.822+0000] {dag.py:3823} INFO - Setting next_dagrun for products_pipeline_v2 to 2026-02-27 14:47:00+00:00, run_after=2026-02-27 14:48:00+00:00
[2026-02-27T14:48:41.847+0000] {processor.py:183} INFO - Processing /opt/airflow/dags/dag_pipeline_V2.py took 3.553 seconds
[2026-02-27T14:49:11.943+0000] {processor.py:161} INFO - Started process (PID=183) to work on /opt/airflow/dags/dag_pipeline_V2.py
[2026-02-27T14:49:12.045+0000] {processor.py:830} INFO - Processing file /opt/airflow/dags/dag_pipeline_V2.py for tasks to queue
[2026-02-27T14:49:12.046+0000] {logging_mixin.py:188} INFO - [2026-02-27T14:49:12.045+0000] {dagbag.py:538} INFO - Filling up the DagBag from /opt/airflow/dags/dag_pipeline_V2.py
[2026-02-27T14:49:12.354+0000] {processor.py:840} INFO - DAG(s) 'products_pipeline_v2' retrieved from /opt/airflow/dags/dag_pipeline_V2.py
[2026-02-27T14:49:12.404+0000] {logging_mixin.py:188} INFO - [2026-02-27T14:49:12.404+0000] {dag.py:3036} INFO - Sync 1 DAGs
[2026-02-27T14:49:12.431+0000] {logging_mixin.py:188} INFO - [2026-02-27T14:49:12.430+0000] {dag.py:3823} INFO - Setting next_dagrun for products_pipeline_v2 to 2026-02-27 14:48:00+00:00, run_after=2026-02-27 14:49:00+00:00
[2026-02-27T14:49:12.760+0000] {processor.py:183} INFO - Processing /opt/airflow/dags/dag_pipeline_V2.py took 0.823 seconds
[2026-02-27T14:49:42.824+0000] {processor.py:161} INFO - Started process (PID=222) to work on /opt/airflow/dags/dag_pipeline_V2.py
[2026-02-27T14:49:42.936+0000] {processor.py:830} INFO - Processing file /opt/airflow/dags/dag_pipeline_V2.py for tasks to queue
[2026-02-27T14:49:42.937+0000] {logging_mixin.py:188} INFO - [2026-02-27T14:49:42.936+0000] {dagbag.py:538} INFO - Filling up the DagBag from /opt/airflow/dags/dag_pipeline_V2.py
[2026-02-27T14:49:43.274+0000] {processor.py:840} INFO - DAG(s) 'products_pipeline_v2' retrieved from /opt/airflow/dags/dag_pipeline_V2.py
[2026-02-27T14:49:43.317+0000] {logging_mixin.py:188} INFO - [2026-02-27T14:49:43.317+0000] {dag.py:3036} INFO - Sync 1 DAGs
[2026-02-27T14:49:43.344+0000] {logging_mixin.py:188} INFO - [2026-02-27T14:49:43.344+0000] {dag.py:3823} INFO - Setting next_dagrun for products_pipeline_v2 to 2026-02-27 14:49:00+00:00, run_after=2026-02-27 14:50:00+00:00
[2026-02-27T14:49:43.366+0000] {processor.py:183} INFO - Processing /opt/airflow/dags/dag_pipeline_V2.py took 0.547 seconds
[2026-02-27T14:50:13.432+0000] {processor.py:161} INFO - Started process (PID=234) to work on /opt/airflow/dags/dag_pipeline_V2.py
[2026-02-27T14:50:13.433+0000] {processor.py:830} INFO - Processing file /opt/airflow/dags/dag_pipeline_V2.py for tasks to queue
[2026-02-27T14:50:13.434+0000] {logging_mixin.py:188} INFO - [2026-02-27T14:50:13.433+0000] {dagbag.py:538} INFO - Filling up the DagBag from /opt/airflow/dags/dag_pipeline_V2.py
[2026-02-27T14:50:13.884+0000] {processor.py:840} INFO - DAG(s) 'products_pipeline_v2' retrieved from /opt/airflow/dags/dag_pipeline_V2.py
[2026-02-27T14:50:13.938+0000] {logging_mixin.py:188} INFO - [2026-02-27T14:50:13.937+0000] {dag.py:3036} INFO - Sync 1 DAGs
[2026-02-27T14:50:13.969+0000] {logging_mixin.py:188} INFO - [2026-02-27T14:50:13.969+0000] {dag.py:3823} INFO - Setting next_dagrun for products_pipeline_v2 to 2026-02-27 14:49:00+00:00, run_after=2026-02-27 14:50:00+00:00
[2026-02-27T14:50:13.990+0000] {processor.py:183} INFO - Processing /opt/airflow/dags/dag_pipeline_V2.py took 0.564 seconds
[2026-02-27T14:50:44.030+0000] {processor.py:161} INFO - Started process (PID=246) to work on /opt/airflow/dags/dag_pipeline_V2.py
[2026-02-27T14:50:44.061+0000] {processor.py:830} INFO - Processing file /opt/airflow/dags/dag_pipeline_V2.py for tasks to queue
[2026-02-27T14:50:44.062+0000] {logging_mixin.py:188} INFO - [2026-02-27T14:50:44.062+0000] {dagbag.py:538} INFO - Filling up the DagBag from /opt/airflow/dags/dag_pipeline_V2.py
[2026-02-27T14:50:44.373+0000] {processor.py:840} INFO - DAG(s) 'products_pipeline_v2' retrieved from /opt/airflow/dags/dag_pipeline_V2.py
[2026-02-27T14:50:44.418+0000] {logging_mixin.py:188} INFO - [2026-02-27T14:50:44.417+0000] {dag.py:3036} INFO - Sync 1 DAGs
[2026-02-27T14:50:44.446+0000] {logging_mixin.py:188} INFO - [2026-02-27T14:50:44.446+0000] {dag.py:3823} INFO - Setting next_dagrun for products_pipeline_v2 to 2026-02-27 14:49:00+00:00, run_after=2026-02-27 14:50:00+00:00
[2026-02-27T14:50:44.468+0000] {processor.py:183} INFO - Processing /opt/airflow/dags/dag_pipeline_V2.py took 0.444 seconds
[2026-02-27T14:51:14.522+0000] {processor.py:161} INFO - Started process (PID=258) to work on /opt/airflow/dags/dag_pipeline_V2.py
[2026-02-27T14:51:14.628+0000] {processor.py:830} INFO - Processing file /opt/airflow/dags/dag_pipeline_V2.py for tasks to queue
[2026-02-27T14:51:14.629+0000] {logging_mixin.py:188} INFO - [2026-02-27T14:51:14.629+0000] {dagbag.py:538} INFO - Filling up the DagBag from /opt/airflow/dags/dag_pipeline_V2.py
[2026-02-27T14:51:14.923+0000] {processor.py:840} INFO - DAG(s) 'products_pipeline_v2' retrieved from /opt/airflow/dags/dag_pipeline_V2.py
[2026-02-27T14:51:14.981+0000] {logging_mixin.py:188} INFO - [2026-02-27T14:51:14.980+0000] {dag.py:3036} INFO - Sync 1 DAGs
[2026-02-27T14:51:15.009+0000] {logging_mixin.py:188} INFO - [2026-02-27T14:51:15.009+0000] {dag.py:3823} INFO - Setting next_dagrun for products_pipeline_v2 to 2026-02-27 14:50:00+00:00, run_after=2026-02-27 14:51:00+00:00
[2026-02-27T14:51:15.030+0000] {processor.py:183} INFO - Processing /opt/airflow/dags/dag_pipeline_V2.py took 0.513 seconds
[2026-02-27T14:51:45.129+0000] {processor.py:161} INFO - Started process (PID=270) to work on /opt/airflow/dags/dag_pipeline_V2.py
[2026-02-27T14:51:45.132+0000] {processor.py:830} INFO - Processing file /opt/airflow/dags/dag_pipeline_V2.py for tasks to queue
[2026-02-27T14:51:45.133+0000] {logging_mixin.py:188} INFO - [2026-02-27T14:51:45.133+0000] {dagbag.py:538} INFO - Filling up the DagBag from /opt/airflow/dags/dag_pipeline_V2.py
[2026-02-27T14:51:45.431+0000] {processor.py:840} INFO - DAG(s) 'products_pipeline_v2' retrieved from /opt/airflow/dags/dag_pipeline_V2.py
[2026-02-27T14:51:45.475+0000] {logging_mixin.py:188} INFO - [2026-02-27T14:51:45.474+0000] {dag.py:3036} INFO - Sync 1 DAGs
[2026-02-27T14:51:45.502+0000] {logging_mixin.py:188} INFO - [2026-02-27T14:51:45.502+0000] {dag.py:3823} INFO - Setting next_dagrun for products_pipeline_v2 to 2026-02-27 14:50:00+00:00, run_after=2026-02-27 14:51:00+00:00
[2026-02-27T14:51:45.522+0000] {processor.py:183} INFO - Processing /opt/airflow/dags/dag_pipeline_V2.py took 0.398 seconds
[2026-02-27T14:52:16.106+0000] {processor.py:161} INFO - Started process (PID=288) to work on /opt/airflow/dags/dag_pipeline_V2.py
[2026-02-27T14:52:16.116+0000] {processor.py:830} INFO - Processing file /opt/airflow/dags/dag_pipeline_V2.py for tasks to queue
[2026-02-27T14:52:16.118+0000] {logging_mixin.py:188} INFO - [2026-02-27T14:52:16.117+0000] {dagbag.py:538} INFO - Filling up the DagBag from /opt/airflow/dags/dag_pipeline_V2.py
[2026-02-27T14:52:16.428+0000] {processor.py:840} INFO - DAG(s) 'products_pipeline_v2' retrieved from /opt/airflow/dags/dag_pipeline_V2.py
[2026-02-27T14:52:16.480+0000] {logging_mixin.py:188} INFO - [2026-02-27T14:52:16.479+0000] {dag.py:3036} INFO - Sync 1 DAGs
[2026-02-27T14:52:16.510+0000] {logging_mixin.py:188} INFO - [2026-02-27T14:52:16.509+0000] {dag.py:3823} INFO - Setting next_dagrun for products_pipeline_v2 to 2026-02-27 14:51:00+00:00, run_after=2026-02-27 14:52:00+00:00
[2026-02-27T14:52:16.539+0000] {processor.py:183} INFO - Processing /opt/airflow/dags/dag_pipeline_V2.py took 0.437 seconds
[2026-02-27T14:52:46.669+0000] {processor.py:161} INFO - Started process (PID=294) to work on /opt/airflow/dags/dag_pipeline_V2.py
[2026-02-27T14:52:46.670+0000] {processor.py:830} INFO - Processing file /opt/airflow/dags/dag_pipeline_V2.py for tasks to queue
[2026-02-27T14:52:46.671+0000] {logging_mixin.py:188} INFO - [2026-02-27T14:52:46.671+0000] {dagbag.py:538} INFO - Filling up the DagBag from /opt/airflow/dags/dag_pipeline_V2.py
[2026-02-27T14:52:46.989+0000] {processor.py:840} INFO - DAG(s) 'products_pipeline_v2' retrieved from /opt/airflow/dags/dag_pipeline_V2.py
[2026-02-27T14:52:47.031+0000] {logging_mixin.py:188} INFO - [2026-02-27T14:52:47.030+0000] {dag.py:3036} INFO - Sync 1 DAGs
[2026-02-27T14:52:47.059+0000] {logging_mixin.py:188} INFO - [2026-02-27T14:52:47.059+0000] {dag.py:3823} INFO - Setting next_dagrun for products_pipeline_v2 to 2026-02-27 14:51:00+00:00, run_after=2026-02-27 14:52:00+00:00
[2026-02-27T14:52:47.080+0000] {processor.py:183} INFO - Processing /opt/airflow/dags/dag_pipeline_V2.py took 0.415 seconds
[2026-02-27T14:53:17.139+0000] {processor.py:161} INFO - Started process (PID=306) to work on /opt/airflow/dags/dag_pipeline_V2.py
[2026-02-27T14:53:17.140+0000] {processor.py:830} INFO - Processing file /opt/airflow/dags/dag_pipeline_V2.py for tasks to queue
[2026-02-27T14:53:17.141+0000] {logging_mixin.py:188} INFO - [2026-02-27T14:53:17.141+0000] {dagbag.py:538} INFO - Filling up the DagBag from /opt/airflow/dags/dag_pipeline_V2.py
[2026-02-27T14:53:17.462+0000] {processor.py:840} INFO - DAG(s) 'products_pipeline_v2' retrieved from /opt/airflow/dags/dag_pipeline_V2.py
[2026-02-27T14:53:17.505+0000] {logging_mixin.py:188} INFO - [2026-02-27T14:53:17.505+0000] {dag.py:3036} INFO - Sync 1 DAGs
[2026-02-27T14:53:17.531+0000] {logging_mixin.py:188} INFO - [2026-02-27T14:53:17.530+0000] {dag.py:3823} INFO - Setting next_dagrun for products_pipeline_v2 to 2026-02-27 14:52:00+00:00, run_after=2026-02-27 14:53:00+00:00
[2026-02-27T14:53:17.553+0000] {processor.py:183} INFO - Processing /opt/airflow/dags/dag_pipeline_V2.py took 0.418 seconds
[2026-02-27T14:53:47.677+0000] {processor.py:161} INFO - Started process (PID=350) to work on /opt/airflow/dags/dag_pipeline_V2.py
[2026-02-27T14:53:47.738+0000] {processor.py:830} INFO - Processing file /opt/airflow/dags/dag_pipeline_V2.py for tasks to queue
[2026-02-27T14:53:47.740+0000] {logging_mixin.py:188} INFO - [2026-02-27T14:53:47.739+0000] {dagbag.py:538} INFO - Filling up the DagBag from /opt/airflow/dags/dag_pipeline_V2.py
[2026-02-27T14:53:48.232+0000] {processor.py:840} INFO - DAG(s) 'products_pipeline_v2' retrieved from /opt/airflow/dags/dag_pipeline_V2.py
[2026-02-27T14:53:48.291+0000] {logging_mixin.py:188} INFO - [2026-02-27T14:53:48.290+0000] {dag.py:3036} INFO - Sync 1 DAGs
[2026-02-27T14:53:48.327+0000] {logging_mixin.py:188} INFO - [2026-02-27T14:53:48.327+0000] {dag.py:3823} INFO - Setting next_dagrun for products_pipeline_v2 to 2026-02-27 14:53:00+00:00, run_after=2026-02-27 14:54:00+00:00
[2026-02-27T14:53:48.350+0000] {processor.py:183} INFO - Processing /opt/airflow/dags/dag_pipeline_V2.py took 0.679 seconds
[2026-02-27T14:54:19.347+0000] {processor.py:161} INFO - Started process (PID=375) to work on /opt/airflow/dags/dag_pipeline_V2.py
[2026-02-27T14:54:19.348+0000] {processor.py:830} INFO - Processing file /opt/airflow/dags/dag_pipeline_V2.py for tasks to queue
[2026-02-27T14:54:19.349+0000] {logging_mixin.py:188} INFO - [2026-02-27T14:54:19.349+0000] {dagbag.py:538} INFO - Filling up the DagBag from /opt/airflow/dags/dag_pipeline_V2.py
[2026-02-27T14:54:19.912+0000] {processor.py:840} INFO - DAG(s) 'products_pipeline_v2' retrieved from /opt/airflow/dags/dag_pipeline_V2.py
[2026-02-27T14:54:20.035+0000] {logging_mixin.py:188} INFO - [2026-02-27T14:54:20.034+0000] {dag.py:3036} INFO - Sync 1 DAGs
[2026-02-27T14:54:20.096+0000] {logging_mixin.py:188} INFO - [2026-02-27T14:54:20.095+0000] {dag.py:3823} INFO - Setting next_dagrun for products_pipeline_v2 to 2026-02-27 14:54:00+00:00, run_after=2026-02-27 14:55:00+00:00
[2026-02-27T14:54:19.627+0000] {processor.py:183} INFO - Processing /opt/airflow/dags/dag_pipeline_V2.py took 0.778 seconds
[2026-02-27T14:54:50.048+0000] {processor.py:161} INFO - Started process (PID=396) to work on /opt/airflow/dags/dag_pipeline_V2.py
[2026-02-27T14:54:50.155+0000] {processor.py:830} INFO - Processing file /opt/airflow/dags/dag_pipeline_V2.py for tasks to queue
[2026-02-27T14:54:50.157+0000] {logging_mixin.py:188} INFO - [2026-02-27T14:54:50.156+0000] {dagbag.py:538} INFO - Filling up the DagBag from /opt/airflow/dags/dag_pipeline_V2.py
[2026-02-27T14:54:50.431+0000] {processor.py:840} INFO - DAG(s) 'products_pipeline_v2' retrieved from /opt/airflow/dags/dag_pipeline_V2.py
[2026-02-27T14:54:50.473+0000] {logging_mixin.py:188} INFO - [2026-02-27T14:54:50.472+0000] {dag.py:3036} INFO - Sync 1 DAGs
[2026-02-27T14:54:50.497+0000] {logging_mixin.py:188} INFO - [2026-02-27T14:54:50.497+0000] {dag.py:3823} INFO - Setting next_dagrun for products_pipeline_v2 to 2026-02-27 14:54:00+00:00, run_after=2026-02-27 14:55:00+00:00
[2026-02-27T14:54:50.516+0000] {processor.py:183} INFO - Processing /opt/airflow/dags/dag_pipeline_V2.py took 0.473 seconds
[2026-02-27T14:55:20.639+0000] {processor.py:161} INFO - Started process (PID=417) to work on /opt/airflow/dags/dag_pipeline_V2.py
[2026-02-27T14:55:20.641+0000] {processor.py:830} INFO - Processing file /opt/airflow/dags/dag_pipeline_V2.py for tasks to queue
[2026-02-27T14:55:20.643+0000] {logging_mixin.py:188} INFO - [2026-02-27T14:55:20.642+0000] {dagbag.py:538} INFO - Filling up the DagBag from /opt/airflow/dags/dag_pipeline_V2.py
[2026-02-27T14:55:20.897+0000] {processor.py:840} INFO - DAG(s) 'products_pipeline_v2' retrieved from /opt/airflow/dags/dag_pipeline_V2.py
[2026-02-27T14:55:20.935+0000] {logging_mixin.py:188} INFO - [2026-02-27T14:55:20.935+0000] {dag.py:3036} INFO - Sync 1 DAGs
[2026-02-27T14:55:20.958+0000] {logging_mixin.py:188} INFO - [2026-02-27T14:55:20.958+0000] {dag.py:3823} INFO - Setting next_dagrun for products_pipeline_v2 to 2026-02-27 14:55:00+00:00, run_after=2026-02-27 14:56:00+00:00
[2026-02-27T14:55:20.977+0000] {processor.py:183} INFO - Processing /opt/airflow/dags/dag_pipeline_V2.py took 0.345 seconds
[2026-02-27T14:55:51.180+0000] {processor.py:161} INFO - Started process (PID=429) to work on /opt/airflow/dags/dag_pipeline_V2.py
[2026-02-27T14:55:51.284+0000] {processor.py:830} INFO - Processing file /opt/airflow/dags/dag_pipeline_V2.py for tasks to queue
[2026-02-27T14:55:51.288+0000] {logging_mixin.py:188} INFO - [2026-02-27T14:55:51.287+0000] {dagbag.py:538} INFO - Filling up the DagBag from /opt/airflow/dags/dag_pipeline_V2.py
[2026-02-27T14:55:51.621+0000] {processor.py:840} INFO - DAG(s) 'products_pipeline_v2' retrieved from /opt/airflow/dags/dag_pipeline_V2.py
[2026-02-27T14:55:51.663+0000] {logging_mixin.py:188} INFO - [2026-02-27T14:55:51.663+0000] {dag.py:3036} INFO - Sync 1 DAGs
[2026-02-27T14:55:51.691+0000] {logging_mixin.py:188} INFO - [2026-02-27T14:55:51.691+0000] {dag.py:3823} INFO - Setting next_dagrun for products_pipeline_v2 to 2026-02-27 14:55:00+00:00, run_after=2026-02-27 14:56:00+00:00
[2026-02-27T14:55:51.715+0000] {processor.py:183} INFO - Processing /opt/airflow/dags/dag_pipeline_V2.py took 0.546 seconds
[2026-02-27T14:56:21.844+0000] {processor.py:161} INFO - Started process (PID=450) to work on /opt/airflow/dags/dag_pipeline_V2.py
[2026-02-27T14:56:21.968+0000] {processor.py:830} INFO - Processing file /opt/airflow/dags/dag_pipeline_V2.py for tasks to queue
[2026-02-27T14:56:21.969+0000] {logging_mixin.py:188} INFO - [2026-02-27T14:56:21.968+0000] {dagbag.py:538} INFO - Filling up the DagBag from /opt/airflow/dags/dag_pipeline_V2.py
[2026-02-27T14:56:22.255+0000] {processor.py:840} INFO - DAG(s) 'products_pipeline_v2' retrieved from /opt/airflow/dags/dag_pipeline_V2.py
[2026-02-27T14:56:22.298+0000] {logging_mixin.py:188} INFO - [2026-02-27T14:56:22.297+0000] {dag.py:3036} INFO - Sync 1 DAGs
[2026-02-27T14:56:22.326+0000] {logging_mixin.py:188} INFO - [2026-02-27T14:56:22.325+0000] {dag.py:3823} INFO - Setting next_dagrun for products_pipeline_v2 to 2026-02-27 14:56:00+00:00, run_after=2026-02-27 14:57:00+00:00
[2026-02-27T14:56:22.349+0000] {processor.py:183} INFO - Processing /opt/airflow/dags/dag_pipeline_V2.py took 0.510 seconds
[2026-02-27T14:56:52.407+0000] {processor.py:161} INFO - Started process (PID=462) to work on /opt/airflow/dags/dag_pipeline_V2.py
[2026-02-27T14:56:52.409+0000] {processor.py:830} INFO - Processing file /opt/airflow/dags/dag_pipeline_V2.py for tasks to queue
[2026-02-27T14:56:52.410+0000] {logging_mixin.py:188} INFO - [2026-02-27T14:56:52.409+0000] {dagbag.py:538} INFO - Filling up the DagBag from /opt/airflow/dags/dag_pipeline_V2.py
[2026-02-27T14:56:52.715+0000] {processor.py:840} INFO - DAG(s) 'products_pipeline_v2' retrieved from /opt/airflow/dags/dag_pipeline_V2.py
[2026-02-27T14:56:52.764+0000] {logging_mixin.py:188} INFO - [2026-02-27T14:56:52.764+0000] {dag.py:3036} INFO - Sync 1 DAGs
[2026-02-27T14:56:52.791+0000] {logging_mixin.py:188} INFO - [2026-02-27T14:56:52.791+0000] {dag.py:3823} INFO - Setting next_dagrun for products_pipeline_v2 to 2026-02-27 14:56:00+00:00, run_after=2026-02-27 14:57:00+00:00
[2026-02-27T14:56:52.810+0000] {processor.py:183} INFO - Processing /opt/airflow/dags/dag_pipeline_V2.py took 0.407 seconds
[2026-02-27T14:57:22.903+0000] {processor.py:161} INFO - Started process (PID=483) to work on /opt/airflow/dags/dag_pipeline_V2.py
[2026-02-27T14:57:22.905+0000] {processor.py:830} INFO - Processing file /opt/airflow/dags/dag_pipeline_V2.py for tasks to queue
[2026-02-27T14:57:22.906+0000] {logging_mixin.py:188} INFO - [2026-02-27T14:57:22.906+0000] {dagbag.py:538} INFO - Filling up the DagBag from /opt/airflow/dags/dag_pipeline_V2.py
[2026-02-27T14:57:23.173+0000] {processor.py:840} INFO - DAG(s) 'products_pipeline_v2' retrieved from /opt/airflow/dags/dag_pipeline_V2.py
[2026-02-27T14:57:23.219+0000] {logging_mixin.py:188} INFO - [2026-02-27T14:57:23.218+0000] {dag.py:3036} INFO - Sync 1 DAGs
[2026-02-27T14:57:23.247+0000] {logging_mixin.py:188} INFO - [2026-02-27T14:57:23.246+0000] {dag.py:3823} INFO - Setting next_dagrun for products_pipeline_v2 to 2026-02-27 14:57:00+00:00, run_after=2026-02-27 14:58:00+00:00
[2026-02-27T14:57:23.267+0000] {processor.py:183} INFO - Processing /opt/airflow/dags/dag_pipeline_V2.py took 0.368 seconds
