[2026-02-26T21:12:11.909+0000] {taskinstance.py:1956} INFO - Dependencies all met for dep_context=non-requeueable deps ti=<TaskInstance: products_pipeline.extract manual__2026-02-26T21:12:10.231199+00:00 [queued]>
[2026-02-26T21:12:11.918+0000] {taskinstance.py:1956} INFO - Dependencies all met for dep_context=requeueable deps ti=<TaskInstance: products_pipeline.extract manual__2026-02-26T21:12:10.231199+00:00 [queued]>
[2026-02-26T21:12:11.919+0000] {taskinstance.py:2170} INFO - Starting attempt 1 of 1
[2026-02-26T21:12:11.932+0000] {taskinstance.py:2191} INFO - Executing <Task(_PythonDecoratedOperator): extract> on 2026-02-26 21:12:10.231199+00:00
[2026-02-26T21:12:11.938+0000] {standard_task_runner.py:60} INFO - Started process 191 to run task
[2026-02-26T21:12:11.942+0000] {standard_task_runner.py:87} INFO - Running: ['***', 'tasks', 'run', 'products_pipeline', 'extract', 'manual__2026-02-26T21:12:10.231199+00:00', '--job-id', '6', '--raw', '--subdir', 'DAGS_FOLDER/dag_pipeline.py', '--cfg-path', '/tmp/tmptmp3_bqb']
[2026-02-26T21:12:11.944+0000] {standard_task_runner.py:88} INFO - Job 6: Subtask extract
[2026-02-26T21:12:12.002+0000] {task_command.py:423} INFO - Running <TaskInstance: products_pipeline.extract manual__2026-02-26T21:12:10.231199+00:00 [running]> on host edb731b1b4ec
[2026-02-26T21:12:12.244+0000] {taskinstance.py:2480} INFO - Exporting env vars: AIRFLOW_CTX_DAG_OWNER='***' AIRFLOW_CTX_DAG_ID='products_pipeline' AIRFLOW_CTX_TASK_ID='extract' AIRFLOW_CTX_EXECUTION_DATE='2026-02-26T21:12:10.231199+00:00' AIRFLOW_CTX_TRY_NUMBER='1' AIRFLOW_CTX_DAG_RUN_ID='manual__2026-02-26T21:12:10.231199+00:00'
[2026-02-26T21:12:13.126+0000] {taskinstance.py:2698} ERROR - Task failed with exception
Traceback (most recent call last):
  File "/home/airflow/.local/lib/python3.8/site-packages/airflow/models/taskinstance.py", line 433, in _execute_task
    result = execute_callable(context=context, **execute_callable_kwargs)
  File "/home/airflow/.local/lib/python3.8/site-packages/airflow/decorators/base.py", line 241, in execute
    return_value = super().execute(context)
  File "/home/airflow/.local/lib/python3.8/site-packages/airflow/operators/python.py", line 199, in execute
    return_value = self.execute_callable()
  File "/home/airflow/.local/lib/python3.8/site-packages/airflow/operators/python.py", line 216, in execute_callable
    return self.python_callable(*self.op_args, **self.op_kwargs)
  File "/opt/airflow/dags/dag_pipeline.py", line 24, in extract
    extract_products()
  File "/opt/project/src/ingestion/extract_products_V1.py", line 36, in extract_products
    with open(output_file, "w") as f:
PermissionError: [Errno 13] Permission denied: '/opt/project/data/bronze/products/products.json'
[2026-02-26T21:12:13.138+0000] {taskinstance.py:1138} INFO - Marking task as FAILED. dag_id=products_pipeline, task_id=extract, execution_date=20260226T211210, start_date=20260226T211211, end_date=20260226T211213
[2026-02-26T21:12:13.160+0000] {standard_task_runner.py:107} ERROR - Failed to execute job 6 for task extract ([Errno 13] Permission denied: '/opt/project/data/bronze/products/products.json'; 191)
[2026-02-26T21:12:13.199+0000] {local_task_job_runner.py:234} INFO - Task exited with return code 1
[2026-02-26T21:12:13.220+0000] {taskinstance.py:3280} INFO - 0 downstream tasks scheduled from follow-on schedule check
