[2026-02-26T22:24:50.535+0000] {taskinstance.py:1956} INFO - Dependencies all met for dep_context=non-requeueable deps ti=<TaskInstance: products_pipeline.load_silver manual__2026-02-26T22:24:45.132934+00:00 [queued]>
[2026-02-26T22:24:50.545+0000] {taskinstance.py:1956} INFO - Dependencies all met for dep_context=requeueable deps ti=<TaskInstance: products_pipeline.load_silver manual__2026-02-26T22:24:45.132934+00:00 [queued]>
[2026-02-26T22:24:50.545+0000] {taskinstance.py:2170} INFO - Starting attempt 1 of 1
[2026-02-26T22:24:50.559+0000] {taskinstance.py:2191} INFO - Executing <Task(_PythonDecoratedOperator): load_silver> on 2026-02-26 22:24:45.132934+00:00
[2026-02-26T22:24:50.562+0000] {standard_task_runner.py:60} INFO - Started process 198 to run task
[2026-02-26T22:24:50.566+0000] {standard_task_runner.py:87} INFO - Running: ['***', 'tasks', 'run', 'products_pipeline', 'load_silver', 'manual__2026-02-26T22:24:45.132934+00:00', '--job-id', '9', '--raw', '--subdir', 'DAGS_FOLDER/dag_pipeline.py', '--cfg-path', '/tmp/tmp5zlwwbdn']
[2026-02-26T22:24:50.567+0000] {standard_task_runner.py:88} INFO - Job 9: Subtask load_silver
[2026-02-26T22:24:50.614+0000] {task_command.py:423} INFO - Running <TaskInstance: products_pipeline.load_silver manual__2026-02-26T22:24:45.132934+00:00 [running]> on host 6470fb5728f7
[2026-02-26T22:24:50.705+0000] {taskinstance.py:2480} INFO - Exporting env vars: AIRFLOW_CTX_DAG_OWNER='***' AIRFLOW_CTX_DAG_ID='products_pipeline' AIRFLOW_CTX_TASK_ID='load_silver' AIRFLOW_CTX_EXECUTION_DATE='2026-02-26T22:24:45.132934+00:00' AIRFLOW_CTX_TRY_NUMBER='1' AIRFLOW_CTX_DAG_RUN_ID='manual__2026-02-26T22:24:45.132934+00:00'
[2026-02-26T22:24:50.722+0000] {taskinstance.py:2698} ERROR - Task failed with exception
Traceback (most recent call last):
  File "/home/airflow/.local/lib/python3.8/site-packages/airflow/models/taskinstance.py", line 433, in _execute_task
    result = execute_callable(context=context, **execute_callable_kwargs)
  File "/home/airflow/.local/lib/python3.8/site-packages/airflow/decorators/base.py", line 241, in execute
    return_value = super().execute(context)
  File "/home/airflow/.local/lib/python3.8/site-packages/airflow/operators/python.py", line 199, in execute
    return_value = self.execute_callable()
  File "/home/airflow/.local/lib/python3.8/site-packages/airflow/operators/python.py", line 216, in execute_callable
    return self.python_callable(*self.op_args, **self.op_kwargs)
  File "/opt/airflow/dags/dag_pipeline.py", line 42, in load_silver
    load_products(df)
  File "/opt/project/src/loading/postgres_loader.py", line 44, in load_products
    engine = get_engine()
  File "/opt/project/src/loading/postgres_loader.py", line 16, in get_engine
    return create_engine(
  File "<string>", line 2, in create_engine
  File "/home/airflow/.local/lib/python3.8/site-packages/sqlalchemy/util/deprecations.py", line 375, in warned
    return fn(*args, **kwargs)
  File "/home/airflow/.local/lib/python3.8/site-packages/sqlalchemy/engine/create.py", line 514, in create_engine
    u = _url.make_url(url)
  File "/home/airflow/.local/lib/python3.8/site-packages/sqlalchemy/engine/url.py", line 738, in make_url
    return _parse_url(name_or_url)
  File "/home/airflow/.local/lib/python3.8/site-packages/sqlalchemy/engine/url.py", line 794, in _parse_url
    components["port"] = int(components["port"])
ValueError: invalid literal for int() with base 10: 'None'
[2026-02-26T22:24:50.732+0000] {taskinstance.py:1138} INFO - Marking task as FAILED. dag_id=products_pipeline, task_id=load_silver, execution_date=20260226T222445, start_date=20260226T222450, end_date=20260226T222450
[2026-02-26T22:24:50.746+0000] {standard_task_runner.py:107} ERROR - Failed to execute job 9 for task load_silver (invalid literal for int() with base 10: 'None'; 198)
[2026-02-26T22:24:50.780+0000] {local_task_job_runner.py:234} INFO - Task exited with return code 1
[2026-02-26T22:24:50.796+0000] {taskinstance.py:3280} INFO - 0 downstream tasks scheduled from follow-on schedule check
